Library/Bee/Android/Prj/Mono2x/Gradle/unityLibrary/build/intermediates/manifest_merge_blame_file/release/manifest-merger-blame-release-report.txt
1<?xml version="1.0" encoding="utf-8"?>
2<manifest xmlns:android="http://schemas.android.com/apk/res/android"
3    xmlns:tools="http://schemas.android.com/tools"
4    package="com.unity3d.player"
5    android:versionCode="1"
6    android:versionName="0.1" >
7
8    <uses-sdk
9        android:minSdkVersion="29"
9-->src\main\AndroidManifest.xml
10        android:targetSdkVersion="33" />
10-->src\main\AndroidManifest.xml
11
12    <uses-permission android:name="android.permission.INTERNET" />
12-->src\main\AndroidManifest.xml:3:3-65
12-->src\main\AndroidManifest.xml:3:20-62
13
14    <queries>
14-->src\main\AndroidManifest.xml:4:3-10:13
15        <intent>
15-->src\main\AndroidManifest.xml:5:5-9:14
16            <action android:name="android.intent.action.VIEW" />
16-->src\main\AndroidManifest.xml:6:7-59
16-->src\main\AndroidManifest.xml:6:15-56
17
18            <category android:name="android.intent.category.BROWSABLE" />
18-->src\main\AndroidManifest.xml:7:7-68
18-->src\main\AndroidManifest.xml:7:17-65
19
20            <data android:scheme="https" />
20-->src\main\AndroidManifest.xml:8:7-38
20-->src\main\AndroidManifest.xml:8:13-35
21        </intent>
22    </queries>
23
24    <uses-feature android:glEsVersion="0x00030000" />
24-->src\main\AndroidManifest.xml:34:3-52
24-->src\main\AndroidManifest.xml:34:17-49
25    <uses-feature
25-->src\main\AndroidManifest.xml:35:3-91
26        android:name="android.hardware.vulkan.version"
26-->src\main\AndroidManifest.xml:35:17-63
27        android:required="false" />
27-->src\main\AndroidManifest.xml:35:64-88
28    <uses-feature
28-->src\main\AndroidManifest.xml:36:3-88
29        android:name="android.hardware.touchscreen"
29-->src\main\AndroidManifest.xml:36:17-60
30        android:required="false" />
30-->src\main\AndroidManifest.xml:36:61-85
31    <uses-feature
31-->src\main\AndroidManifest.xml:37:3-99
32        android:name="android.hardware.touchscreen.multitouch"
32-->src\main\AndroidManifest.xml:37:17-71
33        android:required="false" />
33-->src\main\AndroidManifest.xml:37:72-96
34    <uses-feature
34-->src\main\AndroidManifest.xml:38:3-108
35        android:name="android.hardware.touchscreen.multitouch.distinct"
35-->src\main\AndroidManifest.xml:38:17-80
36        android:required="false" />
36-->src\main\AndroidManifest.xml:38:81-105
37
38    <application android:extractNativeLibs="true" >
38-->src\main\AndroidManifest.xml:11:3-33:17
38-->src\main\AndroidManifest.xml:11:16-48
39        <activity
39-->src\main\AndroidManifest.xml:12:5-19:16
40            android:name="com.unity3d.player.UnityPlayerActivity"
40-->src\main\AndroidManifest.xml:12:15-68
41            android:configChanges="mcc|mnc|locale|touchscreen|keyboard|keyboardHidden|navigation|orientation|screenLayout|uiMode|screenSize|smallestScreenSize|fontScale|layoutDirection|density"
41-->src\main\AndroidManifest.xml:12:188-369
42            android:exported="true"
42-->src\main\AndroidManifest.xml:12:441-464
43            android:hardwareAccelerated="false"
43-->src\main\AndroidManifest.xml:12:405-440
44            android:launchMode="singleTask"
44-->src\main\AndroidManifest.xml:12:156-187
45            android:resizeableActivity="false"
45-->src\main\AndroidManifest.xml:12:370-404
46            android:screenOrientation="reverseLandscape"
46-->src\main\AndroidManifest.xml:12:111-155
47            android:theme="@style/UnityThemeSelector" >
47-->src\main\AndroidManifest.xml:12:69-110
48            <intent-filter>
48-->src\main\AndroidManifest.xml:13:7-16:23
49                <action android:name="android.intent.action.MAIN" />
49-->src\main\AndroidManifest.xml:14:9-61
49-->src\main\AndroidManifest.xml:14:17-58
50
51                <category android:name="android.intent.category.LAUNCHER" />
51-->src\main\AndroidManifest.xml:15:9-69
51-->src\main\AndroidManifest.xml:15:19-66
52            </intent-filter>
53
54            <meta-data
54-->src\main\AndroidManifest.xml:17:7-82
55                android:name="unityplayer.UnityActivity"
55-->src\main\AndroidManifest.xml:17:18-58
56                android:value="true" />
56-->src\main\AndroidManifest.xml:17:59-79
57            <meta-data
57-->src\main\AndroidManifest.xml:18:7-78
58                android:name="android.notch_support"
58-->src\main\AndroidManifest.xml:18:18-54
59                android:value="true" />
59-->src\main\AndroidManifest.xml:18:55-75
60        </activity>
61        <activity
61-->src\main\AndroidManifest.xml:20:5-27:16
62            android:name="com.mirror.sdk.activities.RedirectActivity"
62-->src\main\AndroidManifest.xml:20:15-72
63            android:exported="true" >
63-->src\main\AndroidManifest.xml:20:73-96
64            <intent-filter>
64-->src\main\AndroidManifest.xml:21:7-26:23
65                <action android:name="android.intent.action.VIEW" />
65-->src\main\AndroidManifest.xml:6:7-59
65-->src\main\AndroidManifest.xml:6:15-56
66
67                <category android:name="android.intent.category.DEFAULT" />
67-->src\main\AndroidManifest.xml:23:9-68
67-->src\main\AndroidManifest.xml:23:19-65
68                <category android:name="android.intent.category.BROWSABLE" />
68-->src\main\AndroidManifest.xml:7:7-68
68-->src\main\AndroidManifest.xml:7:17-65
69
70                <data android:scheme="mwsdkunity" />
70-->src\main\AndroidManifest.xml:8:7-38
70-->src\main\AndroidManifest.xml:8:13-35
71            </intent-filter>
72        </activity>
73
74        <meta-data
74-->src\main\AndroidManifest.xml:28:5-69
75            android:name="unity.splash-mode"
75-->src\main\AndroidManifest.xml:28:16-48
76            android:value="0" />
76-->src\main\AndroidManifest.xml:28:49-66
77        <meta-data
77-->src\main\AndroidManifest.xml:29:5-74
78            android:name="unity.splash-enable"
78-->src\main\AndroidManifest.xml:29:16-50
79            android:value="True" />
79-->src\main\AndroidManifest.xml:29:51-71
80        <meta-data
80-->src\main\AndroidManifest.xml:30:5-78
81            android:name="unity.launch-fullscreen"
81-->src\main\AndroidManifest.xml:30:16-54
82            android:value="True" />
82-->src\main\AndroidManifest.xml:30:55-75
83        <meta-data
83-->src\main\AndroidManifest.xml:31:5-84
84            android:name="unity.allow-resizable-window"
84-->src\main\AndroidManifest.xml:31:16-59
85            android:value="False" />
85-->src\main\AndroidManifest.xml:31:60-81
86        <meta-data
86-->src\main\AndroidManifest.xml:32:5-81
87            android:name="notch.config"
87-->src\main\AndroidManifest.xml:32:16-43
88            android:value="portrait|landscape" />
88-->src\main\AndroidManifest.xml:32:44-78
89    </application>
90
91</manifest>